2022-12-03 00:14:52,582 WARN com.zaxxer.hikari.pool.HikariPool$HouseKeeper [HikariPool-1 housekeeper] HikariPool-1 - Thread starvation or clock leap detected (housekeeper delta=5m13s273ms).
2022-12-03 00:20:35,357 WARN com.zaxxer.hikari.pool.HikariPool$HouseKeeper [HikariPool-1 housekeeper] HikariPool-1 - Thread starvation or clock leap detected (housekeeper delta=5m12s753ms).
2022-12-03 00:37:30,641 WARN com.zaxxer.hikari.pool.HikariPool$HouseKeeper [HikariPool-1 housekeeper] HikariPool-1 - Thread starvation or clock leap detected (housekeeper delta=16m25s272ms).
2022-12-03 10:12:44,681 WARN com.zaxxer.hikari.pool.HikariPool$HouseKeeper [HikariPool-1 housekeeper] HikariPool-1 - Thread starvation or clock leap detected (housekeeper delta=31m38s206ms).
2022-12-03 11:48:03,230 WARN com.zaxxer.hikari.pool.HikariPool$HouseKeeper [HikariPool-1 housekeeper] HikariPool-1 - Thread starvation or clock leap detected (housekeeper delta=1h35m18s548ms).
2022-12-03 13:09:38,462 WARN com.zaxxer.hikari.pool.HikariPool$HouseKeeper [HikariPool-1 housekeeper] HikariPool-1 - Thread starvation or clock leap detected (housekeeper delta=1h21m35s233ms).
2022-12-03 13:29:01,703 WARN com.zaxxer.hikari.pool.HikariPool$HouseKeeper [HikariPool-1 housekeeper] HikariPool-1 - Thread starvation or clock leap detected (housekeeper delta=19m23s242ms).
2022-12-03 13:36:23,654 INFO org.springframework.boot.devtools.autoconfigure.LocalDevToolsAutoConfiguration$RestartingClassPathChangeChangedEventListener [File Watcher] Restarting due to 58 class path changes (0 additions, 58 deletions, 0 modifications)
2022-12-03 13:36:23,939 INFO org.apache.juli.logging.DirectJDKLog [Thread-5] Pausing ProtocolHandler ["http-nio-5022"]
2022-12-03 13:36:23,960 INFO org.apache.juli.logging.DirectJDKLog [Thread-5] Stopping service [Tomcat]
2022-12-03 13:36:24,026 INFO org.apache.juli.logging.DirectJDKLog [Thread-5] Destroying Spring FrameworkServlet 'dispatcherServlet'
2022-12-03 13:36:24,063 WARN org.apache.juli.logging.DirectJDKLog [Thread-5] The web application [skillsoft] appears to have started a thread named [HikariPool-1 housekeeper] but has failed to stop it. This is very likely to create a memory leak. Stack trace of thread:
 java.base@11.0.16.1/jdk.internal.misc.Unsafe.park(Native Method)
 java.base@11.0.16.1/java.util.concurrent.locks.LockSupport.parkNanos(LockSupport.java:234)
 java.base@11.0.16.1/java.util.concurrent.locks.AbstractQueuedSynchronizer$ConditionObject.awaitNanos(AbstractQueuedSynchronizer.java:2123)
 java.base@11.0.16.1/java.util.concurrent.ScheduledThreadPoolExecutor$DelayedWorkQueue.take(ScheduledThreadPoolExecutor.java:1182)
 java.base@11.0.16.1/java.util.concurrent.ScheduledThreadPoolExecutor$DelayedWorkQueue.take(ScheduledThreadPoolExecutor.java:899)
 java.base@11.0.16.1/java.util.concurrent.ThreadPoolExecutor.getTask(ThreadPoolExecutor.java:1054)
 java.base@11.0.16.1/java.util.concurrent.ThreadPoolExecutor.runWorker(ThreadPoolExecutor.java:1114)
 java.base@11.0.16.1/java.util.concurrent.ThreadPoolExecutor$Worker.run(ThreadPoolExecutor.java:628)
 java.base@11.0.16.1/java.lang.Thread.run(Thread.java:829)
2022-12-03 13:36:24,070 INFO org.apache.juli.logging.DirectJDKLog [Thread-5] Stopping ProtocolHandler ["http-nio-5022"]
2022-12-03 13:36:24,091 INFO org.apache.juli.logging.DirectJDKLog [Thread-5] Destroying ProtocolHandler ["http-nio-5022"]
2022-12-03 13:36:24,134 INFO org.springframework.orm.jpa.AbstractEntityManagerFactoryBean [Thread-5] Closing JPA EntityManagerFactory for persistence unit 'default'
2022-12-03 13:36:24,176 INFO com.zaxxer.hikari.HikariDataSource [Thread-5] HikariPool-1 - Shutdown initiated...
2022-12-03 13:36:24,226 INFO com.zaxxer.hikari.HikariDataSource [Thread-5] HikariPool-1 - Shutdown completed.
2022-12-03 13:36:34,132 INFO org.springframework.boot.StartupInfoLogger [restartedMain] Starting BEWithoutWebAdapterApplication using Java 11.0.16.1 on mugis-MacBook-Air-2.local with PID 24126 (/Users/Shared/MUGI/backend_without_web_adapter/target/classes started by mugimacharia in /Users/Shared/MUGI/backend_without_web_adapter)
2022-12-03 13:36:34,134 INFO org.springframework.boot.SpringApplication [restartedMain] No active profile set, falling back to 1 default profile: "default"
2022-12-03 13:36:34,635 INFO org.springframework.data.repository.config.RepositoryConfigurationDelegate [restartedMain] Bootstrapping Spring Data JPA repositories in DEFAULT mode.
2022-12-03 13:36:34,641 INFO org.springframework.data.repository.config.RepositoryConfigurationDelegate [restartedMain] Finished Spring Data repository scanning in 1 ms. Found 0 JPA repository interfaces.
2022-12-03 13:36:35,085 INFO org.springframework.boot.web.embedded.tomcat.TomcatWebServer [restartedMain] Tomcat initialized with port(s): 5022 (http)
2022-12-03 13:36:35,087 INFO org.apache.juli.logging.DirectJDKLog [restartedMain] Starting service [Tomcat]
2022-12-03 13:36:35,093 INFO org.apache.juli.logging.DirectJDKLog [restartedMain] Starting Servlet engine: [Apache Tomcat/9.0.68]
2022-12-03 13:36:35,118 INFO org.apache.juli.logging.DirectJDKLog [restartedMain] Initializing Spring embedded WebApplicationContext
2022-12-03 13:36:35,119 INFO org.springframework.boot.web.servlet.context.ServletWebServerApplicationContext [restartedMain] Root WebApplicationContext: initialization completed in 976 ms
2022-12-03 13:36:35,215 INFO org.hibernate.jpa.internal.util.LogHelper [restartedMain] HHH000204: Processing PersistenceUnitInfo [name: default]
2022-12-03 13:36:35,235 INFO com.zaxxer.hikari.HikariDataSource [restartedMain] HikariPool-2 - Starting...
2022-12-03 13:36:35,383 INFO com.zaxxer.hikari.HikariDataSource [restartedMain] HikariPool-2 - Start completed.
2022-12-03 13:36:35,385 INFO org.hibernate.dialect.Dialect [restartedMain] HHH000400: Using dialect: org.hibernate.dialect.PostgreSQLDialect
2022-12-03 13:36:35,483 INFO org.hibernate.engine.transaction.jta.platform.internal.JtaPlatformInitiator [restartedMain] HHH000490: Using JtaPlatform implementation: [org.hibernate.engine.transaction.jta.platform.internal.NoJtaPlatform]
2022-12-03 13:36:35,484 INFO org.springframework.orm.jpa.AbstractEntityManagerFactoryBean [restartedMain] Initialized JPA EntityManagerFactory for persistence unit 'default'
2022-12-03 13:36:35,563 WARN org.springframework.boot.autoconfigure.orm.jpa.JpaBaseConfiguration$JpaWebConfiguration [restartedMain] spring.jpa.open-in-view is enabled by default. Therefore, database queries may be performed during view rendering. Explicitly configure spring.jpa.open-in-view to disable this warning
2022-12-03 13:36:36,182 WARN org.springframework.boot.autoconfigure.security.servlet.UserDetailsServiceAutoConfiguration [restartedMain] 

Using generated security password: ab1b1c2c-699f-4132-bfb5-8916aa8dac0b

This generated password is for development use only. Your security configuration must be updated before running your application in production.

2022-12-03 13:36:36,284 INFO org.springframework.security.web.DefaultSecurityFilterChain [restartedMain] Will secure any request with [org.springframework.security.web.session.DisableEncodeUrlFilter@99e0421, org.springframework.security.web.context.request.async.WebAsyncManagerIntegrationFilter@763524d1, org.springframework.security.web.context.SecurityContextPersistenceFilter@3fd140b0, org.springframework.security.web.header.HeaderWriterFilter@10bc9f97, org.springframework.security.web.csrf.CsrfFilter@235d6a82, org.springframework.security.web.authentication.logout.LogoutFilter@9294033, org.springframework.security.web.authentication.UsernamePasswordAuthenticationFilter@77c5acfd, org.springframework.security.web.authentication.ui.DefaultLoginPageGeneratingFilter@7e7337ba, org.springframework.security.web.authentication.ui.DefaultLogoutPageGeneratingFilter@4d6890e9, org.springframework.security.web.authentication.www.BasicAuthenticationFilter@2503dcb2, org.springframework.security.web.savedrequest.RequestCacheAwareFilter@8a0764d, org.springframework.security.web.servletapi.SecurityContextHolderAwareRequestFilter@7c9410e9, org.springframework.security.web.authentication.AnonymousAuthenticationFilter@229c43fa, org.springframework.security.web.session.SessionManagementFilter@4b092d8c, org.springframework.security.web.access.ExceptionTranslationFilter@58fdf770, org.springframework.security.web.access.intercept.FilterSecurityInterceptor@779a6908]
2022-12-03 13:36:36,315 INFO org.springframework.boot.devtools.autoconfigure.OptionalLiveReloadServer [restartedMain] LiveReload server is running on port 35729
2022-12-03 13:36:36,343 INFO org.springframework.boot.web.embedded.tomcat.TomcatWebServer [restartedMain] Tomcat started on port(s): 5022 (http) with context path '/skillsoft'
2022-12-03 13:36:36,355 INFO org.springframework.boot.StartupInfoLogger [restartedMain] Started BEWithoutWebAdapterApplication in 2.35 seconds (JVM running for 52192.286)
2022-12-03 13:36:36,362 INFO org.springframework.boot.devtools.autoconfigure.ConditionEvaluationDeltaLoggingListener [restartedMain] Condition evaluation delta:


==========================
CONDITION EVALUATION DELTA
==========================


Positive matches:
-----------------

   SpringBootWebSecurityConfiguration.SecurityFilterChainConfiguration matched:
      - AllNestedConditions 2 matched 0 did not; NestedCondition on DefaultWebSecurityCondition.Beans @ConditionalOnMissingBean (types: org.springframework.security.config.annotation.web.configuration.WebSecurityConfigurerAdapter,org.springframework.security.web.SecurityFilterChain; SearchStrategy: all) did not find any beans; NestedCondition on DefaultWebSecurityCondition.Classes @ConditionalOnClass found required classes 'org.springframework.security.web.SecurityFilterChain', 'org.springframework.security.config.annotation.web.builders.HttpSecurity' (DefaultWebSecurityCondition)

   SpringBootWebSecurityConfiguration.WebSecurityEnablerConfiguration matched:
      - @ConditionalOnClass found required class 'org.springframework.security.config.annotation.web.configuration.EnableWebSecurity' (OnClassCondition)
      - @ConditionalOnMissingBean (names: springSecurityFilterChain; SearchStrategy: all) did not find any beans (OnBeanCondition)

   UserDetailsServiceAutoConfiguration matched:
      - @ConditionalOnClass found required class 'org.springframework.security.authentication.AuthenticationManager' (OnClassCondition)
      - @ConditionalOnBean (types: org.springframework.security.config.annotation.ObjectPostProcessor; SearchStrategy: all) found bean 'objectPostProcessor'; @ConditionalOnMissingBean (types: org.springframework.security.authentication.AuthenticationManager,org.springframework.security.authentication.AuthenticationProvider,org.springframework.security.core.userdetails.UserDetailsService,org.springframework.security.authentication.AuthenticationManagerResolver,org.springframework.security.oauth2.jwt.JwtDecoder,org.springframework.security.oauth2.server.resource.introspection.OpaqueTokenIntrospector,org.springframework.security.oauth2.client.registration.ClientRegistrationRepository,org.springframework.security.saml2.provider.service.registration.RelyingPartyRegistrationRepository; SearchStrategy: all) did not find any beans (OnBeanCondition)


Negative matches:
-----------------

    None


Exclusions:
-----------

    None


Unconditional classes:
----------------------

    None



2022-12-03 13:38:35,396 INFO org.springframework.boot.devtools.autoconfigure.LocalDevToolsAutoConfiguration$RestartingClassPathChangeChangedEventListener [File Watcher] Restarting due to 29 class path changes (29 additions, 0 deletions, 0 modifications)
2022-12-03 13:38:35,425 INFO org.apache.juli.logging.DirectJDKLog [Thread-7] Stopping service [Tomcat]
2022-12-03 13:38:35,457 INFO org.springframework.orm.jpa.AbstractEntityManagerFactoryBean [Thread-7] Closing JPA EntityManagerFactory for persistence unit 'default'
2022-12-03 13:38:35,468 INFO com.zaxxer.hikari.HikariDataSource [Thread-7] HikariPool-2 - Shutdown initiated...
2022-12-03 13:38:35,515 INFO com.zaxxer.hikari.HikariDataSource [Thread-7] HikariPool-2 - Shutdown completed.
2022-12-03 13:38:36,915 INFO org.springframework.boot.StartupInfoLogger [restartedMain] Starting BEWithoutWebAdapterApplication using Java 11.0.16.1 on mugis-MacBook-Air-2.local with PID 24126 (/Users/Shared/MUGI/backend_without_web_adapter/target/classes started by mugimacharia in /Users/Shared/MUGI/backend_without_web_adapter)
2022-12-03 13:38:36,922 INFO org.springframework.boot.SpringApplication [restartedMain] No active profile set, falling back to 1 default profile: "default"
2022-12-03 13:38:37,359 INFO org.springframework.data.repository.config.RepositoryConfigurationDelegate [restartedMain] Bootstrapping Spring Data JPA repositories in DEFAULT mode.
2022-12-03 13:38:37,362 INFO org.springframework.data.repository.config.RepositoryConfigurationDelegate [restartedMain] Finished Spring Data repository scanning in 1 ms. Found 0 JPA repository interfaces.
2022-12-03 13:38:37,572 INFO org.springframework.boot.web.embedded.tomcat.TomcatWebServer [restartedMain] Tomcat initialized with port(s): 5022 (http)
2022-12-03 13:38:37,577 INFO org.apache.juli.logging.DirectJDKLog [restartedMain] Starting service [Tomcat]
2022-12-03 13:38:37,578 INFO org.apache.juli.logging.DirectJDKLog [restartedMain] Starting Servlet engine: [Apache Tomcat/9.0.68]
2022-12-03 13:38:37,602 INFO org.apache.juli.logging.DirectJDKLog [restartedMain] Initializing Spring embedded WebApplicationContext
2022-12-03 13:38:37,603 INFO org.springframework.boot.web.servlet.context.ServletWebServerApplicationContext [restartedMain] Root WebApplicationContext: initialization completed in 649 ms
2022-12-03 13:38:37,661 INFO org.hibernate.jpa.internal.util.LogHelper [restartedMain] HHH000204: Processing PersistenceUnitInfo [name: default]
2022-12-03 13:38:37,671 INFO com.zaxxer.hikari.HikariDataSource [restartedMain] HikariPool-3 - Starting...
2022-12-03 13:38:37,777 INFO com.zaxxer.hikari.HikariDataSource [restartedMain] HikariPool-3 - Start completed.
2022-12-03 13:38:37,779 INFO org.hibernate.dialect.Dialect [restartedMain] HHH000400: Using dialect: org.hibernate.dialect.PostgreSQLDialect
2022-12-03 13:38:37,848 INFO org.hibernate.engine.transaction.jta.platform.internal.JtaPlatformInitiator [restartedMain] HHH000490: Using JtaPlatform implementation: [org.hibernate.engine.transaction.jta.platform.internal.NoJtaPlatform]
2022-12-03 13:38:37,849 INFO org.springframework.orm.jpa.AbstractEntityManagerFactoryBean [restartedMain] Initialized JPA EntityManagerFactory for persistence unit 'default'
2022-12-03 13:38:37,909 WARN org.springframework.boot.autoconfigure.orm.jpa.JpaBaseConfiguration$JpaWebConfiguration [restartedMain] spring.jpa.open-in-view is enabled by default. Therefore, database queries may be performed during view rendering. Explicitly configure spring.jpa.open-in-view to disable this warning
2022-12-03 13:38:38,169 WARN org.springframework.boot.autoconfigure.security.servlet.UserDetailsServiceAutoConfiguration [restartedMain] 

Using generated security password: 9677d0cc-aef7-4461-ae44-839806c8a0f4

This generated password is for development use only. Your security configuration must be updated before running your application in production.

2022-12-03 13:38:38,188 INFO org.springframework.security.web.DefaultSecurityFilterChain [restartedMain] Will secure any request with [org.springframework.security.web.session.DisableEncodeUrlFilter@3353a8cc, org.springframework.security.web.context.request.async.WebAsyncManagerIntegrationFilter@26d1462b, org.springframework.security.web.context.SecurityContextPersistenceFilter@57f9aa90, org.springframework.security.web.header.HeaderWriterFilter@53b3889f, org.springframework.security.web.csrf.CsrfFilter@3a3e3ec4, org.springframework.security.web.authentication.logout.LogoutFilter@92ebb8a, org.springframework.security.web.authentication.UsernamePasswordAuthenticationFilter@441ac71b, org.springframework.security.web.authentication.ui.DefaultLoginPageGeneratingFilter@19f1a118, org.springframework.security.web.authentication.ui.DefaultLogoutPageGeneratingFilter@34e17ff5, org.springframework.security.web.authentication.www.BasicAuthenticationFilter@2ab65ace, org.springframework.security.web.savedrequest.RequestCacheAwareFilter@19027c02, org.springframework.security.web.servletapi.SecurityContextHolderAwareRequestFilter@563af8cd, org.springframework.security.web.authentication.AnonymousAuthenticationFilter@2c19338d, org.springframework.security.web.session.SessionManagementFilter@1cfa6fd5, org.springframework.security.web.access.ExceptionTranslationFilter@24fd4904, org.springframework.security.web.access.intercept.FilterSecurityInterceptor@52e8eff2]
2022-12-03 13:38:38,204 INFO org.springframework.boot.devtools.autoconfigure.OptionalLiveReloadServer [restartedMain] LiveReload server is running on port 35729
2022-12-03 13:38:38,224 INFO org.springframework.boot.web.embedded.tomcat.TomcatWebServer [restartedMain] Tomcat started on port(s): 5022 (http) with context path '/skillsoft'
2022-12-03 13:38:38,232 INFO org.springframework.boot.StartupInfoLogger [restartedMain] Started BEWithoutWebAdapterApplication in 1.905 seconds (JVM running for 52314.169)
2022-12-03 13:38:38,239 INFO org.springframework.boot.devtools.autoconfigure.ConditionEvaluationDeltaLoggingListener [restartedMain] Condition evaluation unchanged
2022-12-03 13:40:49,957 INFO org.springframework.boot.devtools.autoconfigure.LocalDevToolsAutoConfiguration$RestartingClassPathChangeChangedEventListener [File Watcher] Restarting due to 29 class path changes (0 additions, 29 deletions, 0 modifications)
2022-12-03 13:40:49,985 INFO org.apache.juli.logging.DirectJDKLog [Thread-14] Stopping service [Tomcat]
2022-12-03 13:40:50,026 INFO org.springframework.orm.jpa.AbstractEntityManagerFactoryBean [Thread-14] Closing JPA EntityManagerFactory for persistence unit 'default'
2022-12-03 13:40:50,030 INFO com.zaxxer.hikari.HikariDataSource [Thread-14] HikariPool-3 - Shutdown initiated...
2022-12-03 13:40:50,061 INFO com.zaxxer.hikari.HikariDataSource [Thread-14] HikariPool-3 - Shutdown completed.
2022-12-03 13:40:50,858 INFO org.springframework.boot.StartupInfoLogger [restartedMain] Starting BEWithoutWebAdapterApplication using Java 11.0.16.1 on mugis-MacBook-Air-2.local with PID 24126 (/Users/Shared/MUGI/backend_without_web_adapter/target/classes started by mugimacharia in /Users/Shared/MUGI/backend_without_web_adapter)
2022-12-03 13:40:50,870 INFO org.springframework.boot.SpringApplication [restartedMain] No active profile set, falling back to 1 default profile: "default"
2022-12-03 13:40:51,454 INFO org.springframework.data.repository.config.RepositoryConfigurationDelegate [restartedMain] Bootstrapping Spring Data JPA repositories in DEFAULT mode.
2022-12-03 13:40:51,460 INFO org.springframework.data.repository.config.RepositoryConfigurationDelegate [restartedMain] Finished Spring Data repository scanning in 1 ms. Found 0 JPA repository interfaces.
2022-12-03 13:40:51,841 INFO org.springframework.boot.web.embedded.tomcat.TomcatWebServer [restartedMain] Tomcat initialized with port(s): 5022 (http)
2022-12-03 13:40:51,848 INFO org.apache.juli.logging.DirectJDKLog [restartedMain] Starting service [Tomcat]
2022-12-03 13:40:51,849 INFO org.apache.juli.logging.DirectJDKLog [restartedMain] Starting Servlet engine: [Apache Tomcat/9.0.68]
2022-12-03 13:40:51,910 INFO org.apache.juli.logging.DirectJDKLog [restartedMain] Initializing Spring embedded WebApplicationContext
2022-12-03 13:40:51,911 INFO org.springframework.boot.web.servlet.context.ServletWebServerApplicationContext [restartedMain] Root WebApplicationContext: initialization completed in 973 ms
2022-12-03 13:40:52,011 INFO org.hibernate.jpa.internal.util.LogHelper [restartedMain] HHH000204: Processing PersistenceUnitInfo [name: default]
2022-12-03 13:40:52,035 INFO com.zaxxer.hikari.HikariDataSource [restartedMain] HikariPool-4 - Starting...
2022-12-03 13:40:52,173 INFO com.zaxxer.hikari.HikariDataSource [restartedMain] HikariPool-4 - Start completed.
2022-12-03 13:40:52,175 INFO org.hibernate.dialect.Dialect [restartedMain] HHH000400: Using dialect: org.hibernate.dialect.PostgreSQLDialect
2022-12-03 13:40:52,253 INFO org.hibernate.engine.transaction.jta.platform.internal.JtaPlatformInitiator [restartedMain] HHH000490: Using JtaPlatform implementation: [org.hibernate.engine.transaction.jta.platform.internal.NoJtaPlatform]
2022-12-03 13:40:52,255 INFO org.springframework.orm.jpa.AbstractEntityManagerFactoryBean [restartedMain] Initialized JPA EntityManagerFactory for persistence unit 'default'
2022-12-03 13:40:52,310 WARN org.springframework.boot.autoconfigure.orm.jpa.JpaBaseConfiguration$JpaWebConfiguration [restartedMain] spring.jpa.open-in-view is enabled by default. Therefore, database queries may be performed during view rendering. Explicitly configure spring.jpa.open-in-view to disable this warning
2022-12-03 13:40:52,780 WARN org.springframework.boot.autoconfigure.security.servlet.UserDetailsServiceAutoConfiguration [restartedMain] 

Using generated security password: bef656ec-8828-47a0-8444-0972d529b234

This generated password is for development use only. Your security configuration must be updated before running your application in production.

2022-12-03 13:40:52,812 INFO org.springframework.security.web.DefaultSecurityFilterChain [restartedMain] Will secure any request with [org.springframework.security.web.session.DisableEncodeUrlFilter@2f88c2f1, org.springframework.security.web.context.request.async.WebAsyncManagerIntegrationFilter@5bf124a7, org.springframework.security.web.context.SecurityContextPersistenceFilter@79d3b74b, org.springframework.security.web.header.HeaderWriterFilter@82c2941, org.springframework.security.web.csrf.CsrfFilter@1a0aa105, org.springframework.security.web.authentication.logout.LogoutFilter@21979f4c, org.springframework.security.web.authentication.UsernamePasswordAuthenticationFilter@101564f0, org.springframework.security.web.authentication.ui.DefaultLoginPageGeneratingFilter@6ffbf885, org.springframework.security.web.authentication.ui.DefaultLogoutPageGeneratingFilter@60f8e9cd, org.springframework.security.web.authentication.www.BasicAuthenticationFilter@421d9c6f, org.springframework.security.web.savedrequest.RequestCacheAwareFilter@417d76ca, org.springframework.security.web.servletapi.SecurityContextHolderAwareRequestFilter@28f23985, org.springframework.security.web.authentication.AnonymousAuthenticationFilter@4ea8ef59, org.springframework.security.web.session.SessionManagementFilter@361e3a04, org.springframework.security.web.access.ExceptionTranslationFilter@12955073, org.springframework.security.web.access.intercept.FilterSecurityInterceptor@dbf3659]
2022-12-03 13:40:52,838 INFO org.springframework.boot.devtools.autoconfigure.OptionalLiveReloadServer [restartedMain] LiveReload server is running on port 35729
2022-12-03 13:40:52,867 INFO org.springframework.boot.web.embedded.tomcat.TomcatWebServer [restartedMain] Tomcat started on port(s): 5022 (http) with context path '/skillsoft'
2022-12-03 13:40:52,878 INFO org.springframework.boot.StartupInfoLogger [restartedMain] Started BEWithoutWebAdapterApplication in 2.524 seconds (JVM running for 52448.821)
2022-12-03 13:40:52,881 INFO org.springframework.boot.devtools.autoconfigure.ConditionEvaluationDeltaLoggingListener [restartedMain] Condition evaluation unchanged
2022-12-03 13:40:57,099 INFO org.springframework.boot.devtools.autoconfigure.LocalDevToolsAutoConfiguration$RestartingClassPathChangeChangedEventListener [File Watcher] Restarting due to 29 class path changes (29 additions, 0 deletions, 0 modifications)
2022-12-03 13:40:57,126 INFO org.apache.juli.logging.DirectJDKLog [Thread-18] Stopping service [Tomcat]
2022-12-03 13:40:57,156 INFO org.springframework.orm.jpa.AbstractEntityManagerFactoryBean [Thread-18] Closing JPA EntityManagerFactory for persistence unit 'default'
2022-12-03 13:40:57,160 INFO com.zaxxer.hikari.HikariDataSource [Thread-18] HikariPool-4 - Shutdown initiated...
2022-12-03 13:40:57,202 INFO com.zaxxer.hikari.HikariDataSource [Thread-18] HikariPool-4 - Shutdown completed.
2022-12-03 13:40:58,941 INFO org.springframework.boot.StartupInfoLogger [restartedMain] Starting BEWithoutWebAdapterApplication using Java 11.0.16.1 on mugis-MacBook-Air-2.local with PID 24126 (/Users/Shared/MUGI/backend_without_web_adapter/target/classes started by mugimacharia in /Users/Shared/MUGI/backend_without_web_adapter)
2022-12-03 13:40:58,955 INFO org.springframework.boot.SpringApplication [restartedMain] No active profile set, falling back to 1 default profile: "default"
2022-12-03 13:40:59,312 INFO org.springframework.data.repository.config.RepositoryConfigurationDelegate [restartedMain] Bootstrapping Spring Data JPA repositories in DEFAULT mode.
2022-12-03 13:40:59,315 INFO org.springframework.data.repository.config.RepositoryConfigurationDelegate [restartedMain] Finished Spring Data repository scanning in 1 ms. Found 0 JPA repository interfaces.
2022-12-03 13:40:59,576 INFO org.springframework.boot.web.embedded.tomcat.TomcatWebServer [restartedMain] Tomcat initialized with port(s): 5022 (http)
2022-12-03 13:40:59,584 INFO org.apache.juli.logging.DirectJDKLog [restartedMain] Starting service [Tomcat]
2022-12-03 13:40:59,584 INFO org.apache.juli.logging.DirectJDKLog [restartedMain] Starting Servlet engine: [Apache Tomcat/9.0.68]
2022-12-03 13:40:59,613 INFO org.apache.juli.logging.DirectJDKLog [restartedMain] Initializing Spring embedded WebApplicationContext
2022-12-03 13:40:59,613 INFO org.springframework.boot.web.servlet.context.ServletWebServerApplicationContext [restartedMain] Root WebApplicationContext: initialization completed in 630 ms
2022-12-03 13:40:59,688 INFO org.hibernate.jpa.internal.util.LogHelper [restartedMain] HHH000204: Processing PersistenceUnitInfo [name: default]
2022-12-03 13:40:59,713 INFO com.zaxxer.hikari.HikariDataSource [restartedMain] HikariPool-5 - Starting...
2022-12-03 13:40:59,841 INFO com.zaxxer.hikari.HikariDataSource [restartedMain] HikariPool-5 - Start completed.
2022-12-03 13:40:59,842 INFO org.hibernate.dialect.Dialect [restartedMain] HHH000400: Using dialect: org.hibernate.dialect.PostgreSQLDialect
2022-12-03 13:40:59,922 INFO org.hibernate.engine.transaction.jta.platform.internal.JtaPlatformInitiator [restartedMain] HHH000490: Using JtaPlatform implementation: [org.hibernate.engine.transaction.jta.platform.internal.NoJtaPlatform]
2022-12-03 13:40:59,924 INFO org.springframework.orm.jpa.AbstractEntityManagerFactoryBean [restartedMain] Initialized JPA EntityManagerFactory for persistence unit 'default'
2022-12-03 13:40:59,969 WARN org.springframework.boot.autoconfigure.orm.jpa.JpaBaseConfiguration$JpaWebConfiguration [restartedMain] spring.jpa.open-in-view is enabled by default. Therefore, database queries may be performed during view rendering. Explicitly configure spring.jpa.open-in-view to disable this warning
2022-12-03 13:41:00,267 WARN org.springframework.boot.autoconfigure.security.servlet.UserDetailsServiceAutoConfiguration [restartedMain] 

Using generated security password: d70bf3fd-73ed-4e53-ad5c-9dd8d69ea2e3

This generated password is for development use only. Your security configuration must be updated before running your application in production.

2022-12-03 13:41:00,288 INFO org.springframework.security.web.DefaultSecurityFilterChain [restartedMain] Will secure any request with [org.springframework.security.web.session.DisableEncodeUrlFilter@30245dc9, org.springframework.security.web.context.request.async.WebAsyncManagerIntegrationFilter@29545d7c, org.springframework.security.web.context.SecurityContextPersistenceFilter@728edc7d, org.springframework.security.web.header.HeaderWriterFilter@45b6c53a, org.springframework.security.web.csrf.CsrfFilter@1429efbe, org.springframework.security.web.authentication.logout.LogoutFilter@69f031ff, org.springframework.security.web.authentication.UsernamePasswordAuthenticationFilter@6d150b55, org.springframework.security.web.authentication.ui.DefaultLoginPageGeneratingFilter@14f8873c, org.springframework.security.web.authentication.ui.DefaultLogoutPageGeneratingFilter@6c5ea4a0, org.springframework.security.web.authentication.www.BasicAuthenticationFilter@7cee34ec, org.springframework.security.web.savedrequest.RequestCacheAwareFilter@42a777f0, org.springframework.security.web.servletapi.SecurityContextHolderAwareRequestFilter@314bf58b, org.springframework.security.web.authentication.AnonymousAuthenticationFilter@611aa493, org.springframework.security.web.session.SessionManagementFilter@290182fc, org.springframework.security.web.access.ExceptionTranslationFilter@65fabc60, org.springframework.security.web.access.intercept.FilterSecurityInterceptor@21170fce]
2022-12-03 13:41:00,306 INFO org.springframework.boot.devtools.autoconfigure.OptionalLiveReloadServer [restartedMain] LiveReload server is running on port 35729
2022-12-03 13:41:00,324 INFO org.springframework.boot.web.embedded.tomcat.TomcatWebServer [restartedMain] Tomcat started on port(s): 5022 (http) with context path '/skillsoft'
2022-12-03 13:41:00,331 INFO org.springframework.boot.StartupInfoLogger [restartedMain] Started BEWithoutWebAdapterApplication in 2.784 seconds (JVM running for 52456.275)
2022-12-03 13:41:00,333 INFO org.springframework.boot.devtools.autoconfigure.ConditionEvaluationDeltaLoggingListener [restartedMain] Condition evaluation unchanged
